[WARN ] Коллекция переполнена: В наборе превышено допустимое количество: 15 (05.12.2023)
[WARN ] Коллекция переполнена: В наборе превышено допустимое количество: 15 (05.12.2023)
[WARN ] Коллекция переполнена: В наборе превышено допустимое количество: 15 (05.12.2023)
[WARN ] Коллекция переполнена: В наборе превышено допустимое количество: 15 (05.12.2023)
[ERROR] 
Ошибка при загрузке всех объектов из файла: Объект не найден (05.12.2023)
[WARN ] Коллекция переполнена: В наборе превышено допустимое количество: 15 (05.12.2023)
[ERROR] 
Ошибка при загрузке всех объектов из файла: Объект не найден (05.12.2023)
[WARN ] Коллекция переполнена: В наборе превышено допустимое количество: 15 (05.12.2023)
[ERROR] 
Ошибка при загрузке всех объектов из файла: Объект не найден (05.12.2023)
[ERROR] Error saving all maps to file: Файл не найден (05.12.2023)
[WARN ] Не удалось удалить объект с позиции1 (05.12.2023)
[WARN ] Не удалось удалить объект с позиции1 (05.12.2023)
[WARN ] Не удалось удалить объект с позиции1 (05.12.2023)
[WARN ] Не удалось удалить объект с позиции1411 (05.12.2023)
[WARN ] Не удалось удалить объект с позиции1411 (05.12.2023)
[WARN ] Не удалось удалить объект с позиции0 (05.12.2023)
[WARN ] Коллекция переполнена: В наборе превышено допустимое количество: 15 (05.12.2023)
[ERROR] Error saving all maps to file: Файл не найден (05.12.2023)
[ERROR] Error saving all maps to file: Файл не найден (05.12.2023)
[ERROR] Error saving all maps to file: Файл не найден (05.12.2023)
[ERROR] Error saving all maps to file: Файл не найден (05.12.2023)
[ERROR] Error saving all maps to file: Файл не найден (05.12.2023)
[WARN ] Коллекция переполнена: В наборе превышено допустимое количество: 15 (05.12.2023)
[WARN ] Не удалось удалить объект с позиции14 (05.12.2023)
[WARN ] Коллекция переполнена: В наборе превышено допустимое количество: 15 (05.12.2023)
[WARN ] Не удалось удалить объект с позиции14 (05.12.2023)
