[INFO ] Загрузка всех объектов из файла: C:\Users\Никита\Java\2 курс\Lab7\file.txt (05.12.2023)
[INFO ] Объект с позиции 0удалён (05.12.2023)
[INFO ] Не удалось удалить объект из набора (05.12.2023)
[INFO ] Не удалось удалить объект из набора (05.12.2023)
[INFO ] Не удалось удалить объект из набора (05.12.2023)
[INFO ] Не удалось удалить объект из набора (05.12.2023)
[INFO ] Загрузка всех объектов из файла: C:\Users\Никита\Java\2 курс\Lab7\file.txt (05.12.2023)
[INFO ] Не удалось удалить объект с позиции 0 (05.12.2023)
[INFO ] Не удалось удалить объект с позиции 12 (05.12.2023)
[INFO ] Объект с позиции 0удалён (05.12.2023)
[INFO ] Не удалось удалить объект с позиции 0 (05.12.2023)
[INFO ] Загрузка всех объектов из файла: C:\Users\Никита\Java\2 курс\Lab7\file.txt (05.12.2023)
[INFO ] Загрузка всех объектов из файла: C:\Users\Никита\Java\2 курс\Lab7\file.txt (05.12.2023)
[INFO ] Не удалось удалить объект с позиции 1 (05.12.2023)
[INFO ] Добавлен новый объект (05.12.2023)
[INFO ] Не удалось удалить объект с позиции 1 (05.12.2023)
[INFO ] Не удалось удалить объект с позиции 0 (05.12.2023)
[INFO ] Загрузка всех объектов из файла: C:\Users\Никита\Java\2 курс\Lab7\file.txt (05.12.2023)
[INFO ] Объект с позиции 14удалён (05.12.2023)
[INFO ] Добавлен новый объект (05.12.2023)
[INFO ] Не удалось удалить объект с позиции 0 (05.12.2023)
[INFO ] Не удалось удалить объект с позиции 0 (05.12.2023)
[INFO ] Не удалось удалить объект с позиции 0 (05.12.2023)
[INFO ] Не удалось удалить объект с позиции 0 (05.12.2023)
[INFO ] Не удалось удалить объект с позиции 100 (05.12.2023)
[INFO ] Загрузка всех объектов из файла: E:\RPP\java\Lab7\file.txt (05.12.2023)
[INFO ] Объект с позиции 14удалён (05.12.2023)
[INFO ] Не удалось удалить объект с позиции 14 (05.12.2023)
[INFO ] Не удалось удалить объект с позиции 1 (05.12.2023)
[INFO ] Загрузка всех объектов из файла: E:\RPP\java\Lab7\file.txt (05.12.2023)
[INFO ] Объект с позиции 14удалён (05.12.2023)
[INFO ] Не удалось удалить объект с позиции 14 (05.12.2023)
[INFO ] Загрузка всех объектов из файла: E:\RPP\java\Lab7\file.txt (05.12.2023)
[INFO ] Не удалось удалить объект с позиции 0 (05.12.2023)
[INFO ] Не удалось удалить объект с позиции 0 (05.12.2023)
[INFO ] Не удалось удалить объект с позиции 11 (05.12.2023)
[INFO ] Не удалось удалить объект с позиции 1 (05.12.2023)
[INFO ] Не удалось удалить объект с позиции 21 (05.12.2023)
[INFO ] Не удалось удалить объект с позиции 11 (05.12.2023)
[INFO ] Набор добавлен: 1 (05.12.2023)
[INFO ] Добавлен новый объект (05.12.2023)
[INFO ] Добавлен новый объект (05.12.2023)
[INFO ] Добавлен новый объект (05.12.2023)
[INFO ] Добавлен новый объект (05.12.2023)
[INFO ] Добавлен новый объект (05.12.2023)
[INFO ] Добавлен новый объект (05.12.2023)
[INFO ] Добавлен новый объект (05.12.2023)
[INFO ] Добавлен новый объект (05.12.2023)
[INFO ] Добавлен новый объект (05.12.2023)
[INFO ] Добавлен новый объект (05.12.2023)
[INFO ] Добавлен новый объект (05.12.2023)
[INFO ] Добавлен новый объект (05.12.2023)
[INFO ] Добавлен новый объект (05.12.2023)
[INFO ] Добавлен новый объект (05.12.2023)
[INFO ] Добавлен новый объект (05.12.2023)
[INFO ] Набор добавлен: 12 (05.12.2023)
[INFO ] Набор добавлен: 1 (05.12.2023)
[INFO ] Добавлен новый объект (05.12.2023)
[INFO ] Добавлен новый объект (05.12.2023)
[INFO ] Добавлен новый объект (05.12.2023)
[INFO ] Добавлен новый объект (05.12.2023)
[INFO ] Добавлен новый объект (05.12.2023)
[INFO ] Добавлен новый объект (05.12.2023)
[INFO ] Добавлен новый объект (05.12.2023)
[INFO ] Добавлен новый объект (05.12.2023)
[INFO ] Добавлен новый объект (05.12.2023)
[INFO ] Добавлен новый объект (05.12.2023)
[INFO ] Добавлен новый объект (05.12.2023)
[INFO ] Добавлен новый объект (05.12.2023)
[INFO ] Добавлен новый объект (05.12.2023)
[INFO ] Добавлен новый объект (05.12.2023)
[INFO ] Добавлен новый объект (05.12.2023)
[INFO ] Сохранение всех объектов в файл: E:\file.txt (05.12.2023)
[INFO ] Загрузка всех объектов из файла: E:\file.txt (05.12.2023)
[INFO ] Объект с позиции 1удалён (05.12.2023)
[INFO ] Загрузка всех объектов из файла: E:\file.txt (05.12.2023)
[INFO ] Объект с позиции 14удалён (05.12.2023)
[INFO ] Загрузка всех объектов из файла: E:\file.txt (05.12.2023)
[INFO ] Объект с позиции 14удалён (05.12.2023)
